<?xml version="1.1" encoding="UTF-8"?>
<testsuite name="WordCountTest" tests="6" failures="0" errors="0" timestamp="2017-01-31T15:00:47" hostname="unb-x-anto" time="0.024">
  <properties/>
  <testcase name="normalizeCase" classname="WordCountTest" time="0.003"/>
  <testcase name="countOneOfEach" classname="WordCountTest" time="0.0"/>
  <testcase name="countOneWord" classname="WordCountTest" time="0.001"/>
  <testcase name="countMultipleOccurences" classname="WordCountTest" time="0.0"/>
  <testcase name="includeNumbers" classname="WordCountTest" time="0.001"/>
  <testcase name="ignorePunctuation" classname="WordCountTest" time="0.001"/>
  <system-out><![CDATA[]]></system-out>
  <system-err><![CDATA[]]></system-err>
</testsuite>
